<?xml version="1.0" encoding="UTF-8"?>
<testsuites name="New Test Suite" time="79.431" tests="6" failures="0" errors="0">
   <testsuite name="New Test Suite" tests="6" failures="0" errors="0" time="79.431" skipped="0" timestamp="2024-01-08 23:23:10" hostname="rokhm - SID.mshome.net" id="Test Suites/New Test Suite">
      <properties>
         <property name="deviceName" value=""/>
         <property name="devicePlatform" value=""/>
         <property name="logFolder" value="C:\\Users\\rokhm\\Katalon Studio\\Automation\\Reports\\20240108_232259\\New Test Suite\\20240108_232259"/>
         <property name="logFiles" value="C:\\Users\\rokhm\\Katalon Studio\\Automation\\Reports\\20240108_232259\\New Test Suite\\20240108_232259\\execution0.log"/>
         <property name="attachments" value=""/>
         <property name="hostName" value="rokhm - SID.mshome.net"/>
         <property name="os" value="Windows 10 64bit"/>
         <property name="katalonVersion" value="8.6.8.208"/>
         <property name="browser" value="Chrome 120.0.0.0"/>
         <property name="hostAddress" value="192.168.137.1"/>
         <property name="sessionId" value="b9e68102a2d4cb2cd952cf86516432d2"/>
         <property name="seleniumVersion" value="3.141.59"/>
         <property name="proxyInformation" value="ProxyInformation { proxyOption=NO_PROXY, proxyServerType=HTTP, username=, password=********, proxyServerAddress=, proxyServerPort=0, executionList=&quot;&quot;, isApplyToDesiredCapabilities=true }"/>
         <property name="platform" value="Windows 10"/>
      </properties>
      <testcase name="Test Cases/TC-001_Login - valid data" time="12.213" classname="Test Cases/TC-001_Login - valid data" status="PASSED">
         <system-out><![CDATA[2024-01-08 23:23:10 - [TEST_CASE][PASSED] - Test Cases/TC-001_Login - valid data: Test Cases/TC-001_Login - valid data

2024-01-08 23:23:11 - [TEST_STEP][PASSED] - openBrowser(""): Browser is opened with url: ''

2024-01-08 23:23:11 - [MESSAGE][INFO] - Starting 'Chrome' driver

2024-01-08 23:23:11 - [MESSAGE][INFO] - Action delay is set to 0 milliseconds

2024-01-08 23:23:14 - [MESSAGE][PASSED] - Browser is opened with url: ''

2024-01-08 23:23:14 - [TEST_STEP][PASSED] - navigateToUrl("https://www.saucedemo.com/"): Navigate to 'https://www.saucedemo.com/' successfully

2024-01-08 23:23:19 - [MESSAGE][PASSED] - Navigate to 'https://www.saucedemo.com/' successfully

2024-01-08 23:23:19 - [TEST_STEP][PASSED] - setText(findTestObject("Object Repository/Login Page/input_username"), "standard_user"): Text 'standard_user' is set on object 'Object Repository/Login Page/input_username'

2024-01-08 23:23:21 - [MESSAGE][PASSED] - Text 'standard_user' is set on object 'Object Repository/Login Page/input_username'

2024-01-08 23:23:21 - [TEST_STEP][PASSED] - setText(findTestObject("Object Repository/Login Page/input_pass"), "secret_sauce"): Text 'secret_sauce' is set on object 'Object Repository/Login Page/input_pass'

2024-01-08 23:23:22 - [MESSAGE][PASSED] - Text 'secret_sauce' is set on object 'Object Repository/Login Page/input_pass'

2024-01-08 23:23:22 - [TEST_STEP][PASSED] - click(findTestObject("Object Repository/Login Page/btn_login")): Object: 'Object Repository/Login Page/btn_login' is clicked on

2024-01-08 23:23:22 - [MESSAGE][PASSED] - Object: 'Object Repository/Login Page/btn_login' is clicked on

2024-01-08 23:23:22 - [TEST_STEP][PASSED] - assert verifyElementVisible(findTestObject("Object Repository/Dashboard/web_header")) == true : "Login Success": Object 'Object Repository/Dashboard/web_header' is visible

2024-01-08 23:23:23 - [MESSAGE][PASSED] - Object 'Object Repository/Dashboard/web_header' is visible]]></system-out>
         <system-err><![CDATA[]]></system-err>
      </testcase>
      <testcase name="Test Cases/TC-002_Login - invalid data" time="14.176" classname="Test Cases/TC-002_Login - invalid data" status="PASSED">
         <system-out><![CDATA[2024-01-08 23:23:23 - [TEST_CASE][PASSED] - Test Cases/TC-002_Login - invalid data: Test Cases/TC-002_Login - invalid data

2024-01-08 23:23:23 - [TEST_STEP][PASSED] - callTestCase(findTestCase("TC-001_Login - valid data"), [:], STOP_ON_FAILURE): Call Test Case 'Test Cases/TC-001_Login - valid data' successfully

2024-01-08 23:23:23 - [TEST_CASE][PASSED] - Test Cases/TC-001_Login - valid data: Test Cases/TC-001_Login - valid data

2024-01-08 23:23:23 - [TEST_STEP][PASSED] - openBrowser(""): Browser is opened with url: ''

2024-01-08 23:23:23 - [MESSAGE][WARNING] - A browser is already opened. Closing browser and opening a new one

2024-01-08 23:23:24 - [MESSAGE][INFO] - Starting 'Chrome' driver

2024-01-08 23:23:24 - [MESSAGE][INFO] - Action delay is set to 0 milliseconds

2024-01-08 23:23:26 - [MESSAGE][PASSED] - Browser is opened with url: ''

2024-01-08 23:23:26 - [TEST_STEP][PASSED] - navigateToUrl("https://www.saucedemo.com/"): Navigate to 'https://www.saucedemo.com/' successfully

2024-01-08 23:23:33 - [MESSAGE][PASSED] - Navigate to 'https://www.saucedemo.com/' successfully

2024-01-08 23:23:33 - [TEST_STEP][PASSED] - setText(findTestObject("Object Repository/Login Page/input_username"), "standard_user"): Text 'standard_user' is set on object 'Object Repository/Login Page/input_username'

2024-01-08 23:23:33 - [MESSAGE][PASSED] - Text 'standard_user' is set on object 'Object Repository/Login Page/input_username'

2024-01-08 23:23:33 - [TEST_STEP][PASSED] - setText(findTestObject("Object Repository/Login Page/input_pass"), "secret_sauce"): Text 'secret_sauce' is set on object 'Object Repository/Login Page/input_pass'

2024-01-08 23:23:34 - [MESSAGE][PASSED] - Text 'secret_sauce' is set on object 'Object Repository/Login Page/input_pass'

2024-01-08 23:23:34 - [TEST_STEP][PASSED] - click(findTestObject("Object Repository/Login Page/btn_login")): Object: 'Object Repository/Login Page/btn_login' is clicked on

2024-01-08 23:23:35 - [MESSAGE][PASSED] - Object: 'Object Repository/Login Page/btn_login' is clicked on

2024-01-08 23:23:35 - [TEST_STEP][PASSED] - assert verifyElementVisible(findTestObject("Object Repository/Dashboard/web_header")) == true : "Login Success": Object 'Object Repository/Dashboard/web_header' is visible

2024-01-08 23:23:35 - [MESSAGE][PASSED] - Object 'Object Repository/Dashboard/web_header' is visible

2024-01-08 23:23:35 - [MESSAGE][PASSED] - Call Test Case 'Test Cases/TC-001_Login - valid data' successfully

2024-01-08 23:23:35 - [TEST_STEP][PASSED] - closeBrowser(): Browser is closed

2024-01-08 23:23:37 - [MESSAGE][PASSED] - Browser is closed]]></system-out>
         <system-err><![CDATA[]]></system-err>
      </testcase>
      <testcase name="Test Cases/TC-003_Sort Products" time="11.945" classname="Test Cases/TC-003_Sort Products" status="PASSED">
         <system-out><![CDATA[2024-01-08 23:23:37 - [TEST_CASE][PASSED] - Test Cases/TC-003_Sort Products: Test Cases/TC-003_Sort Products

2024-01-08 23:23:37 - [TEST_STEP][PASSED] - callTestCase(findTestCase("TC-001_Login - valid data"), [:], STOP_ON_FAILURE): Call Test Case 'Test Cases/TC-001_Login - valid data' successfully

2024-01-08 23:23:37 - [TEST_CASE][PASSED] - Test Cases/TC-001_Login - valid data: Test Cases/TC-001_Login - valid data

2024-01-08 23:23:37 - [TEST_STEP][PASSED] - openBrowser(""): Browser is opened with url: ''

2024-01-08 23:23:37 - [MESSAGE][INFO] - Starting 'Chrome' driver

2024-01-08 23:23:37 - [MESSAGE][INFO] - Action delay is set to 0 milliseconds

2024-01-08 23:23:39 - [MESSAGE][PASSED] - Browser is opened with url: ''

2024-01-08 23:23:39 - [TEST_STEP][PASSED] - navigateToUrl("https://www.saucedemo.com/"): Navigate to 'https://www.saucedemo.com/' successfully

2024-01-08 23:23:43 - [MESSAGE][PASSED] - Navigate to 'https://www.saucedemo.com/' successfully

2024-01-08 23:23:43 - [TEST_STEP][PASSED] - setText(findTestObject("Object Repository/Login Page/input_username"), "standard_user"): Text 'standard_user' is set on object 'Object Repository/Login Page/input_username'

2024-01-08 23:23:45 - [MESSAGE][PASSED] - Text 'standard_user' is set on object 'Object Repository/Login Page/input_username'

2024-01-08 23:23:45 - [TEST_STEP][PASSED] - setText(findTestObject("Object Repository/Login Page/input_pass"), "secret_sauce"): Text 'secret_sauce' is set on object 'Object Repository/Login Page/input_pass'

2024-01-08 23:23:45 - [MESSAGE][PASSED] - Text 'secret_sauce' is set on object 'Object Repository/Login Page/input_pass'

2024-01-08 23:23:45 - [TEST_STEP][PASSED] - click(findTestObject("Object Repository/Login Page/btn_login")): Object: 'Object Repository/Login Page/btn_login' is clicked on

2024-01-08 23:23:46 - [MESSAGE][PASSED] - Object: 'Object Repository/Login Page/btn_login' is clicked on

2024-01-08 23:23:46 - [TEST_STEP][PASSED] - assert verifyElementVisible(findTestObject("Object Repository/Dashboard/web_header")) == true : "Login Success": Object 'Object Repository/Dashboard/web_header' is visible

2024-01-08 23:23:46 - [MESSAGE][PASSED] - Object 'Object Repository/Dashboard/web_header' is visible

2024-01-08 23:23:46 - [MESSAGE][PASSED] - Call Test Case 'Test Cases/TC-001_Login - valid data' successfully

2024-01-08 23:23:46 - [TEST_STEP][PASSED] - selectOptionByValue(findTestObject("Object Repository/Dashboard/select_sort"), "za", false): All options with value 'za' are selected in object 'Object Repository/Dashboard/select_sort' 

2024-01-08 23:23:47 - [MESSAGE][PASSED] - All options with value 'za' are selected in object 'Object Repository/Dashboard/select_sort' 

2024-01-08 23:23:47 - [TEST_STEP][PASSED] - selectOptionByValue(findTestObject("Object Repository/Dashboard/select_sort"), "lohi", false): All options with value 'lohi' are selected in object 'Object Repository/Dashboard/select_sort' 

2024-01-08 23:23:48 - [MESSAGE][PASSED] - All options with value 'lohi' are selected in object 'Object Repository/Dashboard/select_sort' 

2024-01-08 23:23:48 - [TEST_STEP][PASSED] - selectOptionByValue(findTestObject("Object Repository/Dashboard/select_sort"), "hilo", false): All options with value 'hilo' are selected in object 'Object Repository/Dashboard/select_sort' 

2024-01-08 23:23:49 - [MESSAGE][PASSED] - All options with value 'hilo' are selected in object 'Object Repository/Dashboard/select_sort']]></system-out>
         <system-err><![CDATA[]]></system-err>
      </testcase>
      <testcase name="Test Cases/TC-004_View Product Details" time="12.013" classname="Test Cases/TC-004_View Product Details" status="PASSED">
         <system-out><![CDATA[2024-01-08 23:23:49 - [TEST_CASE][PASSED] - Test Cases/TC-004_View Product Details: Test Cases/TC-004_View Product Details

2024-01-08 23:23:49 - [TEST_STEP][PASSED] - callTestCase(findTestCase("TC-001_Login - valid data"), [:], STOP_ON_FAILURE): Call Test Case 'Test Cases/TC-001_Login - valid data' successfully

2024-01-08 23:23:49 - [TEST_CASE][PASSED] - Test Cases/TC-001_Login - valid data: Test Cases/TC-001_Login - valid data

2024-01-08 23:23:49 - [TEST_STEP][PASSED] - openBrowser(""): Browser is opened with url: ''

2024-01-08 23:23:49 - [MESSAGE][WARNING] - A browser is already opened. Closing browser and opening a new one

2024-01-08 23:23:50 - [MESSAGE][INFO] - Starting 'Chrome' driver

2024-01-08 23:23:50 - [MESSAGE][INFO] - Action delay is set to 0 milliseconds

2024-01-08 23:23:52 - [MESSAGE][PASSED] - Browser is opened with url: ''

2024-01-08 23:23:52 - [TEST_STEP][PASSED] - navigateToUrl("https://www.saucedemo.com/"): Navigate to 'https://www.saucedemo.com/' successfully

2024-01-08 23:23:57 - [MESSAGE][PASSED] - Navigate to 'https://www.saucedemo.com/' successfully

2024-01-08 23:23:57 - [TEST_STEP][PASSED] - setText(findTestObject("Object Repository/Login Page/input_username"), "standard_user"): Text 'standard_user' is set on object 'Object Repository/Login Page/input_username'

2024-01-08 23:23:58 - [MESSAGE][PASSED] - Text 'standard_user' is set on object 'Object Repository/Login Page/input_username'

2024-01-08 23:23:58 - [TEST_STEP][PASSED] - setText(findTestObject("Object Repository/Login Page/input_pass"), "secret_sauce"): Text 'secret_sauce' is set on object 'Object Repository/Login Page/input_pass'

2024-01-08 23:23:59 - [MESSAGE][PASSED] - Text 'secret_sauce' is set on object 'Object Repository/Login Page/input_pass'

2024-01-08 23:23:59 - [TEST_STEP][PASSED] - click(findTestObject("Object Repository/Login Page/btn_login")): Object: 'Object Repository/Login Page/btn_login' is clicked on

2024-01-08 23:23:59 - [MESSAGE][PASSED] - Object: 'Object Repository/Login Page/btn_login' is clicked on

2024-01-08 23:23:59 - [TEST_STEP][PASSED] - assert verifyElementVisible(findTestObject("Object Repository/Dashboard/web_header")) == true : "Login Success": Object 'Object Repository/Dashboard/web_header' is visible

2024-01-08 23:24:00 - [MESSAGE][PASSED] - Object 'Object Repository/Dashboard/web_header' is visible

2024-01-08 23:24:00 - [MESSAGE][PASSED] - Call Test Case 'Test Cases/TC-001_Login - valid data' successfully

2024-01-08 23:24:00 - [TEST_STEP][PASSED] - click(findTestObject("Object Repository/Dashboard/item_1")): Object: 'Object Repository/Dashboard/item_1' is clicked on

2024-01-08 23:24:00 - [MESSAGE][PASSED] - Object: 'Object Repository/Dashboard/item_1' is clicked on

2024-01-08 23:24:00 - [TEST_STEP][PASSED] - assert verifyElementVisible(findTestObject("Object Repository/Dashboard/text_price")) == true: Object 'Object Repository/Dashboard/text_price' is visible

2024-01-08 23:24:01 - [MESSAGE][PASSED] - Object 'Object Repository/Dashboard/text_price' is visible]]></system-out>
         <system-err><![CDATA[]]></system-err>
      </testcase>
      <testcase name="Test Cases/TC-005_Add Product to Shopping Cart" time="12.575" classname="Test Cases/TC-005_Add Product to Shopping Cart" status="PASSED">
         <system-out><![CDATA[2024-01-08 23:24:01 - [TEST_CASE][PASSED] - Test Cases/TC-005_Add Product to Shopping Cart: Test Cases/TC-005_Add Product to Shopping Cart

2024-01-08 23:24:01 - [TEST_STEP][PASSED] - callTestCase(findTestCase("TC-001_Login - valid data"), [:], STOP_ON_FAILURE): Call Test Case 'Test Cases/TC-001_Login - valid data' successfully

2024-01-08 23:24:01 - [TEST_CASE][PASSED] - Test Cases/TC-001_Login - valid data: Test Cases/TC-001_Login - valid data

2024-01-08 23:24:01 - [TEST_STEP][PASSED] - openBrowser(""): Browser is opened with url: ''

2024-01-08 23:24:01 - [MESSAGE][WARNING] - A browser is already opened. Closing browser and opening a new one

2024-01-08 23:24:02 - [MESSAGE][INFO] - Starting 'Chrome' driver

2024-01-08 23:24:02 - [MESSAGE][INFO] - Action delay is set to 0 milliseconds

2024-01-08 23:24:04 - [MESSAGE][PASSED] - Browser is opened with url: ''

2024-01-08 23:24:04 - [TEST_STEP][PASSED] - navigateToUrl("https://www.saucedemo.com/"): Navigate to 'https://www.saucedemo.com/' successfully

2024-01-08 23:24:09 - [MESSAGE][PASSED] - Navigate to 'https://www.saucedemo.com/' successfully

2024-01-08 23:24:09 - [TEST_STEP][PASSED] - setText(findTestObject("Object Repository/Login Page/input_username"), "standard_user"): Text 'standard_user' is set on object 'Object Repository/Login Page/input_username'

2024-01-08 23:24:10 - [MESSAGE][PASSED] - Text 'standard_user' is set on object 'Object Repository/Login Page/input_username'

2024-01-08 23:24:10 - [TEST_STEP][PASSED] - setText(findTestObject("Object Repository/Login Page/input_pass"), "secret_sauce"): Text 'secret_sauce' is set on object 'Object Repository/Login Page/input_pass'

2024-01-08 23:24:11 - [MESSAGE][PASSED] - Text 'secret_sauce' is set on object 'Object Repository/Login Page/input_pass'

2024-01-08 23:24:11 - [TEST_STEP][PASSED] - click(findTestObject("Object Repository/Login Page/btn_login")): Object: 'Object Repository/Login Page/btn_login' is clicked on

2024-01-08 23:24:11 - [MESSAGE][PASSED] - Object: 'Object Repository/Login Page/btn_login' is clicked on

2024-01-08 23:24:11 - [TEST_STEP][PASSED] - assert verifyElementVisible(findTestObject("Object Repository/Dashboard/web_header")) == true : "Login Success": Object 'Object Repository/Dashboard/web_header' is visible

2024-01-08 23:24:12 - [MESSAGE][PASSED] - Object 'Object Repository/Dashboard/web_header' is visible

2024-01-08 23:24:12 - [MESSAGE][PASSED] - Call Test Case 'Test Cases/TC-001_Login - valid data' successfully

2024-01-08 23:24:12 - [TEST_STEP][PASSED] - click(findTestObject("Object Repository/Dashboard/btn_Add to cart")): Object: 'Object Repository/Dashboard/btn_Add to cart' is clicked on

2024-01-08 23:24:12 - [MESSAGE][PASSED] - Object: 'Object Repository/Dashboard/btn_Add to cart' is clicked on

2024-01-08 23:24:12 - [TEST_STEP][PASSED] - click(findTestObject("Object Repository/Dashboard/icon_cart")): Object: 'Object Repository/Dashboard/icon_cart' is clicked on

2024-01-08 23:24:13 - [MESSAGE][PASSED] - Object: 'Object Repository/Dashboard/icon_cart' is clicked on

2024-01-08 23:24:13 - [TEST_STEP][PASSED] - assert verifyElementVisible(findTestObject("Object Repository/Dashboard/text_Your Cart")) == true: Object 'Object Repository/Dashboard/text_Your Cart' is visible

2024-01-08 23:24:13 - [MESSAGE][PASSED] - Object 'Object Repository/Dashboard/text_Your Cart' is visible]]></system-out>
         <system-err><![CDATA[]]></system-err>
      </testcase>
      <testcase name="Test Cases/TC-006_Checkout Process for Products" time="16.14" classname="Test Cases/TC-006_Checkout Process for Products" status="PASSED">
         <system-out><![CDATA[2024-01-08 23:24:13 - [TEST_CASE][PASSED] - Test Cases/TC-006_Checkout Process for Products: Test Cases/TC-006_Checkout Process for Products

2024-01-08 23:24:14 - [TEST_STEP][PASSED] - callTestCase(findTestCase("TC-001_Login - valid data"), [:], STOP_ON_FAILURE): Call Test Case 'Test Cases/TC-001_Login - valid data' successfully

2024-01-08 23:24:14 - [TEST_CASE][PASSED] - Test Cases/TC-001_Login - valid data: Test Cases/TC-001_Login - valid data

2024-01-08 23:24:14 - [TEST_STEP][PASSED] - openBrowser(""): Browser is opened with url: ''

2024-01-08 23:24:14 - [MESSAGE][WARNING] - A browser is already opened. Closing browser and opening a new one

2024-01-08 23:24:15 - [MESSAGE][INFO] - Starting 'Chrome' driver

2024-01-08 23:24:15 - [MESSAGE][INFO] - Action delay is set to 0 milliseconds

2024-01-08 23:24:17 - [MESSAGE][PASSED] - Browser is opened with url: ''

2024-01-08 23:24:17 - [TEST_STEP][PASSED] - navigateToUrl("https://www.saucedemo.com/"): Navigate to 'https://www.saucedemo.com/' successfully

2024-01-08 23:24:20 - [MESSAGE][PASSED] - Navigate to 'https://www.saucedemo.com/' successfully

2024-01-08 23:24:20 - [TEST_STEP][PASSED] - setText(findTestObject("Object Repository/Login Page/input_username"), "standard_user"): Text 'standard_user' is set on object 'Object Repository/Login Page/input_username'

2024-01-08 23:24:22 - [MESSAGE][PASSED] - Text 'standard_user' is set on object 'Object Repository/Login Page/input_username'

2024-01-08 23:24:22 - [TEST_STEP][PASSED] - setText(findTestObject("Object Repository/Login Page/input_pass"), "secret_sauce"): Text 'secret_sauce' is set on object 'Object Repository/Login Page/input_pass'

2024-01-08 23:24:23 - [MESSAGE][PASSED] - Text 'secret_sauce' is set on object 'Object Repository/Login Page/input_pass'

2024-01-08 23:24:23 - [TEST_STEP][PASSED] - click(findTestObject("Object Repository/Login Page/btn_login")): Object: 'Object Repository/Login Page/btn_login' is clicked on

2024-01-08 23:24:23 - [MESSAGE][PASSED] - Object: 'Object Repository/Login Page/btn_login' is clicked on

2024-01-08 23:24:23 - [TEST_STEP][PASSED] - assert verifyElementVisible(findTestObject("Object Repository/Dashboard/web_header")) == true : "Login Success": Object 'Object Repository/Dashboard/web_header' is visible

2024-01-08 23:24:24 - [MESSAGE][PASSED] - Object 'Object Repository/Dashboard/web_header' is visible

2024-01-08 23:24:24 - [MESSAGE][PASSED] - Call Test Case 'Test Cases/TC-001_Login - valid data' successfully

2024-01-08 23:24:24 - [TEST_STEP][PASSED] - click(findTestObject("Object Repository/Dashboard/btn_Add to cart")): Object: 'Object Repository/Dashboard/btn_Add to cart' is clicked on

2024-01-08 23:24:24 - [MESSAGE][PASSED] - Object: 'Object Repository/Dashboard/btn_Add to cart' is clicked on

2024-01-08 23:24:24 - [TEST_STEP][PASSED] - click(findTestObject("Object Repository/Dashboard/icon_cart")): Object: 'Object Repository/Dashboard/icon_cart' is clicked on

2024-01-08 23:24:25 - [MESSAGE][PASSED] - Object: 'Object Repository/Dashboard/icon_cart' is clicked on

2024-01-08 23:24:25 - [TEST_STEP][PASSED] - click(findTestObject("Object Repository/Dashboard/btn_Checkout")): Object: 'Object Repository/Dashboard/btn_Checkout' is clicked on

2024-01-08 23:24:25 - [MESSAGE][PASSED] - Object: 'Object Repository/Dashboard/btn_Checkout' is clicked on

2024-01-08 23:24:25 - [TEST_STEP][PASSED] - setText(findTestObject("Object Repository/Dashboard/input_firstName"), "test"): Text 'test' is set on object 'Object Repository/Dashboard/input_firstName'

2024-01-08 23:24:26 - [MESSAGE][PASSED] - Text 'test' is set on object 'Object Repository/Dashboard/input_firstName'

2024-01-08 23:24:26 - [TEST_STEP][PASSED] - setText(findTestObject("Object Repository/Dashboard/input_lastName"), "test"): Text 'test' is set on object 'Object Repository/Dashboard/input_lastName'

2024-01-08 23:24:27 - [MESSAGE][PASSED] - Text 'test' is set on object 'Object Repository/Dashboard/input_lastName'

2024-01-08 23:24:27 - [TEST_STEP][PASSED] - setText(findTestObject("Object Repository/Dashboard/input_postalCode"), "123"): Text '123' is set on object 'Object Repository/Dashboard/input_postalCode'

2024-01-08 23:24:28 - [MESSAGE][PASSED] - Text '123' is set on object 'Object Repository/Dashboard/input_postalCode'

2024-01-08 23:24:28 - [TEST_STEP][PASSED] - click(findTestObject("Object Repository/Dashboard/input_Cancel_continue")): Object: 'Object Repository/Dashboard/input_Cancel_continue' is clicked on

2024-01-08 23:24:28 - [MESSAGE][PASSED] - Object: 'Object Repository/Dashboard/input_Cancel_continue' is clicked on

2024-01-08 23:24:28 - [TEST_STEP][PASSED] - click(findTestObject("Object Repository/Dashboard/btn_Finish")): Object: 'Object Repository/Dashboard/btn_Finish' is clicked on

2024-01-08 23:24:29 - [MESSAGE][PASSED] - Object: 'Object Repository/Dashboard/btn_Finish' is clicked on

2024-01-08 23:24:29 - [TEST_STEP][PASSED] - assert verifyElementVisible(findTestObject("Object Repository/Dashboard/text_Thank you for your order")) == true: Object 'Object Repository/Dashboard/text_Thank you for your order' is visible

2024-01-08 23:24:29 - [MESSAGE][PASSED] - Object 'Object Repository/Dashboard/text_Thank you for your order' is visible]]></system-out>
         <system-err><![CDATA[]]></system-err>
      </testcase>
      <system-out><![CDATA[2024-01-08 23:23:10 - [TEST_SUITE][PASSED] - New Test Suite: Test Cases/TC-006_Checkout Process for Products]]></system-out>
      <system-err><![CDATA[]]></system-err>
   </testsuite>
</testsuites>
